[2023-01-01T11:10:13.708+0000] {processor.py:153} INFO - Started process (PID=62) to work on /home/airflow/.local/lib/python3.7/site-packages/airflow/example_dags/example_complex.py
[2023-01-01T11:10:13.710+0000] {processor.py:743} INFO - Processing file /home/airflow/.local/lib/python3.7/site-packages/airflow/example_dags/example_complex.py for tasks to queue
[2023-01-01T11:10:13.710+0000] {logging_mixin.py:137} INFO - [2023-01-01T11:10:13.710+0000] {dagbag.py:538} INFO - Filling up the DagBag from /home/airflow/.local/lib/python3.7/site-packages/airflow/example_dags/example_complex.py
[2023-01-01T11:10:13.759+0000] {logging_mixin.py:137} INFO - [2023-01-01T11:10:13.758+0000] {taskmixin.py:205} WARNING - Dependency <Task(BashOperator): create_entry_group>, delete_entry_group already registered for DAG: example_complex
[2023-01-01T11:10:13.759+0000] {logging_mixin.py:137} INFO - [2023-01-01T11:10:13.759+0000] {taskmixin.py:205} WARNING - Dependency <Task(BashOperator): delete_entry_group>, create_entry_group already registered for DAG: example_complex
[2023-01-01T11:10:13.760+0000] {logging_mixin.py:137} INFO - [2023-01-01T11:10:13.760+0000] {taskmixin.py:205} WARNING - Dependency <Task(BashOperator): create_entry_gcs>, delete_entry already registered for DAG: example_complex
[2023-01-01T11:10:13.760+0000] {logging_mixin.py:137} INFO - [2023-01-01T11:10:13.760+0000] {taskmixin.py:205} WARNING - Dependency <Task(BashOperator): delete_entry>, create_entry_gcs already registered for DAG: example_complex
[2023-01-01T11:10:13.761+0000] {logging_mixin.py:137} INFO - [2023-01-01T11:10:13.761+0000] {taskmixin.py:205} WARNING - Dependency <Task(BashOperator): create_tag>, delete_tag already registered for DAG: example_complex
[2023-01-01T11:10:13.761+0000] {logging_mixin.py:137} INFO - [2023-01-01T11:10:13.761+0000] {taskmixin.py:205} WARNING - Dependency <Task(BashOperator): delete_tag>, create_tag already registered for DAG: example_complex
[2023-01-01T11:10:13.778+0000] {processor.py:753} INFO - DAG(s) dict_keys(['example_complex']) retrieved from /home/airflow/.local/lib/python3.7/site-packages/airflow/example_dags/example_complex.py
[2023-01-01T11:10:13.822+0000] {logging_mixin.py:137} INFO - [2023-01-01T11:10:13.822+0000] {dag.py:2676} INFO - Sync 1 DAGs
[2023-01-01T11:10:13.858+0000] {logging_mixin.py:137} INFO - [2023-01-01T11:10:13.858+0000] {dag.py:3427} INFO - Setting next_dagrun for example_complex to None, run_after=None
[2023-01-01T11:10:13.895+0000] {processor.py:175} INFO - Processing /home/airflow/.local/lib/python3.7/site-packages/airflow/example_dags/example_complex.py took 0.197 seconds
[2023-01-01T11:10:44.452+0000] {processor.py:153} INFO - Started process (PID=124) to work on /home/airflow/.local/lib/python3.7/site-packages/airflow/example_dags/example_complex.py
[2023-01-01T11:10:44.453+0000] {processor.py:743} INFO - Processing file /home/airflow/.local/lib/python3.7/site-packages/airflow/example_dags/example_complex.py for tasks to queue
[2023-01-01T11:10:44.454+0000] {logging_mixin.py:137} INFO - [2023-01-01T11:10:44.454+0000] {dagbag.py:538} INFO - Filling up the DagBag from /home/airflow/.local/lib/python3.7/site-packages/airflow/example_dags/example_complex.py
[2023-01-01T11:10:44.481+0000] {logging_mixin.py:137} INFO - [2023-01-01T11:10:44.481+0000] {taskmixin.py:205} WARNING - Dependency <Task(BashOperator): create_entry_group>, delete_entry_group already registered for DAG: example_complex
[2023-01-01T11:10:44.482+0000] {logging_mixin.py:137} INFO - [2023-01-01T11:10:44.482+0000] {taskmixin.py:205} WARNING - Dependency <Task(BashOperator): delete_entry_group>, create_entry_group already registered for DAG: example_complex
[2023-01-01T11:10:44.483+0000] {logging_mixin.py:137} INFO - [2023-01-01T11:10:44.482+0000] {taskmixin.py:205} WARNING - Dependency <Task(BashOperator): create_entry_gcs>, delete_entry already registered for DAG: example_complex
[2023-01-01T11:10:44.483+0000] {logging_mixin.py:137} INFO - [2023-01-01T11:10:44.483+0000] {taskmixin.py:205} WARNING - Dependency <Task(BashOperator): delete_entry>, create_entry_gcs already registered for DAG: example_complex
[2023-01-01T11:10:44.484+0000] {logging_mixin.py:137} INFO - [2023-01-01T11:10:44.484+0000] {taskmixin.py:205} WARNING - Dependency <Task(BashOperator): create_tag>, delete_tag already registered for DAG: example_complex
[2023-01-01T11:10:44.485+0000] {logging_mixin.py:137} INFO - [2023-01-01T11:10:44.485+0000] {taskmixin.py:205} WARNING - Dependency <Task(BashOperator): delete_tag>, create_tag already registered for DAG: example_complex
[2023-01-01T11:10:44.498+0000] {processor.py:753} INFO - DAG(s) dict_keys(['example_complex']) retrieved from /home/airflow/.local/lib/python3.7/site-packages/airflow/example_dags/example_complex.py
[2023-01-01T11:10:44.566+0000] {logging_mixin.py:137} INFO - [2023-01-01T11:10:44.565+0000] {dag.py:2676} INFO - Sync 1 DAGs
[2023-01-01T11:10:44.610+0000] {logging_mixin.py:137} INFO - [2023-01-01T11:10:44.610+0000] {dag.py:3427} INFO - Setting next_dagrun for example_complex to None, run_after=None
[2023-01-01T11:10:44.642+0000] {processor.py:175} INFO - Processing /home/airflow/.local/lib/python3.7/site-packages/airflow/example_dags/example_complex.py took 0.196 seconds
