[2023-01-01T11:10:13.642+0000] {processor.py:153} INFO - Started process (PID=61) to work on /home/airflow/.local/lib/python3.7/site-packages/airflow/example_dags/example_subdag_operator.py
[2023-01-01T11:10:13.646+0000] {processor.py:743} INFO - Processing file /home/airflow/.local/lib/python3.7/site-packages/airflow/example_dags/example_subdag_operator.py for tasks to queue
[2023-01-01T11:10:13.648+0000] {logging_mixin.py:137} INFO - [2023-01-01T11:10:13.647+0000] {dagbag.py:538} INFO - Filling up the DagBag from /home/airflow/.local/lib/python3.7/site-packages/airflow/example_dags/example_subdag_operator.py
[2023-01-01T11:10:13.746+0000] {processor.py:753} INFO - DAG(s) dict_keys(['example_subdag_operator.section-1', 'example_subdag_operator.section-2', 'example_subdag_operator']) retrieved from /home/airflow/.local/lib/python3.7/site-packages/airflow/example_dags/example_subdag_operator.py
[2023-01-01T11:10:13.798+0000] {logging_mixin.py:137} INFO - [2023-01-01T11:10:13.798+0000] {dag.py:2676} INFO - Sync 3 DAGs
[2023-01-01T11:10:13.882+0000] {logging_mixin.py:137} INFO - [2023-01-01T11:10:13.882+0000] {dag.py:3427} INFO - Setting next_dagrun for example_subdag_operator to 2022-01-01T00:00:00+00:00, run_after=2022-01-01T00:00:00+00:00
[2023-01-01T11:10:13.887+0000] {logging_mixin.py:137} INFO - [2023-01-01T11:10:13.887+0000] {dag.py:3427} INFO - Setting next_dagrun for example_subdag_operator.section-1 to None, run_after=None
[2023-01-01T11:10:13.889+0000] {logging_mixin.py:137} INFO - [2023-01-01T11:10:13.889+0000] {dag.py:3427} INFO - Setting next_dagrun for example_subdag_operator.section-2 to None, run_after=None
[2023-01-01T11:10:13.904+0000] {logging_mixin.py:137} INFO - [2023-01-01T11:10:13.903+0000] {dag.py:2676} INFO - Sync 2 DAGs
[2023-01-01T11:10:13.920+0000] {logging_mixin.py:137} INFO - [2023-01-01T11:10:13.920+0000] {dag.py:3427} INFO - Setting next_dagrun for example_subdag_operator.section-1 to None, run_after=None
[2023-01-01T11:10:13.923+0000] {logging_mixin.py:137} INFO - [2023-01-01T11:10:13.923+0000] {dag.py:3427} INFO - Setting next_dagrun for example_subdag_operator.section-2 to None, run_after=None
[2023-01-01T11:10:13.954+0000] {processor.py:175} INFO - Processing /home/airflow/.local/lib/python3.7/site-packages/airflow/example_dags/example_subdag_operator.py took 0.318 seconds
[2023-01-01T11:10:44.442+0000] {processor.py:153} INFO - Started process (PID=123) to work on /home/airflow/.local/lib/python3.7/site-packages/airflow/example_dags/example_subdag_operator.py
[2023-01-01T11:10:44.443+0000] {processor.py:743} INFO - Processing file /home/airflow/.local/lib/python3.7/site-packages/airflow/example_dags/example_subdag_operator.py for tasks to queue
[2023-01-01T11:10:44.444+0000] {logging_mixin.py:137} INFO - [2023-01-01T11:10:44.444+0000] {dagbag.py:538} INFO - Filling up the DagBag from /home/airflow/.local/lib/python3.7/site-packages/airflow/example_dags/example_subdag_operator.py
[2023-01-01T11:10:44.497+0000] {processor.py:753} INFO - DAG(s) dict_keys(['example_subdag_operator.section-1', 'example_subdag_operator.section-2', 'example_subdag_operator']) retrieved from /home/airflow/.local/lib/python3.7/site-packages/airflow/example_dags/example_subdag_operator.py
[2023-01-01T11:10:44.546+0000] {logging_mixin.py:137} INFO - [2023-01-01T11:10:44.546+0000] {dag.py:2676} INFO - Sync 3 DAGs
[2023-01-01T11:10:44.592+0000] {logging_mixin.py:137} INFO - [2023-01-01T11:10:44.592+0000] {dag.py:3427} INFO - Setting next_dagrun for example_subdag_operator to 2022-01-01T00:00:00+00:00, run_after=2022-01-01T00:00:00+00:00
[2023-01-01T11:10:44.597+0000] {logging_mixin.py:137} INFO - [2023-01-01T11:10:44.597+0000] {dag.py:3427} INFO - Setting next_dagrun for example_subdag_operator.section-1 to None, run_after=None
[2023-01-01T11:10:44.600+0000] {logging_mixin.py:137} INFO - [2023-01-01T11:10:44.600+0000] {dag.py:3427} INFO - Setting next_dagrun for example_subdag_operator.section-2 to None, run_after=None
[2023-01-01T11:10:44.610+0000] {logging_mixin.py:137} INFO - [2023-01-01T11:10:44.610+0000] {dag.py:2676} INFO - Sync 2 DAGs
[2023-01-01T11:10:44.621+0000] {logging_mixin.py:137} INFO - [2023-01-01T11:10:44.620+0000] {dag.py:3427} INFO - Setting next_dagrun for example_subdag_operator.section-1 to None, run_after=None
[2023-01-01T11:10:44.621+0000] {logging_mixin.py:137} INFO - [2023-01-01T11:10:44.621+0000] {dag.py:3427} INFO - Setting next_dagrun for example_subdag_operator.section-2 to None, run_after=None
[2023-01-01T11:10:44.646+0000] {processor.py:175} INFO - Processing /home/airflow/.local/lib/python3.7/site-packages/airflow/example_dags/example_subdag_operator.py took 0.208 seconds
