[2023-01-01T11:10:13.084+0000] {processor.py:153} INFO - Started process (PID=57) to work on /home/airflow/.local/lib/python3.7/site-packages/airflow/example_dags/example_datasets.py
[2023-01-01T11:10:13.087+0000] {processor.py:743} INFO - Processing file /home/airflow/.local/lib/python3.7/site-packages/airflow/example_dags/example_datasets.py for tasks to queue
[2023-01-01T11:10:13.089+0000] {logging_mixin.py:137} INFO - [2023-01-01T11:10:13.089+0000] {dagbag.py:538} INFO - Filling up the DagBag from /home/airflow/.local/lib/python3.7/site-packages/airflow/example_dags/example_datasets.py
[2023-01-01T11:10:13.118+0000] {processor.py:753} INFO - DAG(s) dict_keys(['dataset_consumes_1_never_scheduled', 'dataset_consumes_unknown_never_scheduled', 'dataset_produces_1', 'dataset_consumes_1', 'dataset_consumes_1_and_2', 'dataset_produces_2']) retrieved from /home/airflow/.local/lib/python3.7/site-packages/airflow/example_dags/example_datasets.py
[2023-01-01T11:10:13.174+0000] {logging_mixin.py:137} INFO - [2023-01-01T11:10:13.174+0000] {dag.py:2676} INFO - Sync 6 DAGs
[2023-01-01T11:10:13.229+0000] {logging_mixin.py:137} INFO - [2023-01-01T11:10:13.228+0000] {dag.py:3427} INFO - Setting next_dagrun for dataset_consumes_1 to None, run_after=None
[2023-01-01T11:10:13.237+0000] {logging_mixin.py:137} INFO - [2023-01-01T11:10:13.237+0000] {dag.py:3427} INFO - Setting next_dagrun for dataset_consumes_1_and_2 to None, run_after=None
[2023-01-01T11:10:13.239+0000] {logging_mixin.py:137} INFO - [2023-01-01T11:10:13.239+0000] {dag.py:3427} INFO - Setting next_dagrun for dataset_consumes_1_never_scheduled to None, run_after=None
[2023-01-01T11:10:13.241+0000] {logging_mixin.py:137} INFO - [2023-01-01T11:10:13.241+0000] {dag.py:3427} INFO - Setting next_dagrun for dataset_consumes_unknown_never_scheduled to None, run_after=None
[2023-01-01T11:10:13.246+0000] {logging_mixin.py:137} INFO - [2023-01-01T11:10:13.246+0000] {dag.py:3427} INFO - Setting next_dagrun for dataset_produces_1 to 2022-12-31T00:00:00+00:00, run_after=2023-01-01T00:00:00+00:00
[2023-01-01T11:10:13.249+0000] {logging_mixin.py:137} INFO - [2023-01-01T11:10:13.249+0000] {dag.py:3427} INFO - Setting next_dagrun for dataset_produces_2 to None, run_after=None
[2023-01-01T11:10:13.304+0000] {processor.py:175} INFO - Processing /home/airflow/.local/lib/python3.7/site-packages/airflow/example_dags/example_datasets.py took 0.225 seconds
[2023-01-01T11:10:43.651+0000] {processor.py:153} INFO - Started process (PID=119) to work on /home/airflow/.local/lib/python3.7/site-packages/airflow/example_dags/example_datasets.py
[2023-01-01T11:10:43.652+0000] {processor.py:743} INFO - Processing file /home/airflow/.local/lib/python3.7/site-packages/airflow/example_dags/example_datasets.py for tasks to queue
[2023-01-01T11:10:43.653+0000] {logging_mixin.py:137} INFO - [2023-01-01T11:10:43.653+0000] {dagbag.py:538} INFO - Filling up the DagBag from /home/airflow/.local/lib/python3.7/site-packages/airflow/example_dags/example_datasets.py
[2023-01-01T11:10:43.683+0000] {processor.py:753} INFO - DAG(s) dict_keys(['dataset_consumes_unknown_never_scheduled', 'dataset_produces_2', 'dataset_consumes_1_and_2', 'dataset_consumes_1', 'dataset_produces_1', 'dataset_consumes_1_never_scheduled']) retrieved from /home/airflow/.local/lib/python3.7/site-packages/airflow/example_dags/example_datasets.py
[2023-01-01T11:10:43.860+0000] {logging_mixin.py:137} INFO - [2023-01-01T11:10:43.859+0000] {dag.py:2676} INFO - Sync 6 DAGs
[2023-01-01T11:10:43.907+0000] {logging_mixin.py:137} INFO - [2023-01-01T11:10:43.907+0000] {dag.py:3427} INFO - Setting next_dagrun for dataset_consumes_1 to None, run_after=None
[2023-01-01T11:10:43.913+0000] {logging_mixin.py:137} INFO - [2023-01-01T11:10:43.913+0000] {dag.py:3427} INFO - Setting next_dagrun for dataset_consumes_1_and_2 to None, run_after=None
[2023-01-01T11:10:43.915+0000] {logging_mixin.py:137} INFO - [2023-01-01T11:10:43.915+0000] {dag.py:3427} INFO - Setting next_dagrun for dataset_consumes_1_never_scheduled to None, run_after=None
[2023-01-01T11:10:43.918+0000] {logging_mixin.py:137} INFO - [2023-01-01T11:10:43.918+0000] {dag.py:3427} INFO - Setting next_dagrun for dataset_consumes_unknown_never_scheduled to None, run_after=None
[2023-01-01T11:10:43.922+0000] {logging_mixin.py:137} INFO - [2023-01-01T11:10:43.921+0000] {dag.py:3427} INFO - Setting next_dagrun for dataset_produces_1 to 2022-12-31T00:00:00+00:00, run_after=2023-01-01T00:00:00+00:00
[2023-01-01T11:10:43.924+0000] {logging_mixin.py:137} INFO - [2023-01-01T11:10:43.923+0000] {dag.py:3427} INFO - Setting next_dagrun for dataset_produces_2 to None, run_after=None
[2023-01-01T11:10:43.989+0000] {processor.py:175} INFO - Processing /home/airflow/.local/lib/python3.7/site-packages/airflow/example_dags/example_datasets.py took 0.344 seconds
