[2023-01-01T11:10:15.141+0000] {processor.py:153} INFO - Started process (PID=73) to work on /home/airflow/.local/lib/python3.7/site-packages/airflow/example_dags/example_python_operator.py
[2023-01-01T11:10:15.142+0000] {processor.py:743} INFO - Processing file /home/airflow/.local/lib/python3.7/site-packages/airflow/example_dags/example_python_operator.py for tasks to queue
[2023-01-01T11:10:15.143+0000] {logging_mixin.py:137} INFO - [2023-01-01T11:10:15.142+0000] {dagbag.py:538} INFO - Filling up the DagBag from /home/airflow/.local/lib/python3.7/site-packages/airflow/example_dags/example_python_operator.py
[2023-01-01T11:10:15.164+0000] {logging_mixin.py:137} INFO - [2023-01-01T11:10:15.164+0000] {taskmixin.py:205} WARNING - Dependency <Task(_PythonDecoratedOperator): print_the_context>, log_sql_query already registered for DAG: example_python_operator
[2023-01-01T11:10:15.164+0000] {logging_mixin.py:137} INFO - [2023-01-01T11:10:15.164+0000] {taskmixin.py:205} WARNING - Dependency <Task(_PythonDecoratedOperator): log_sql_query>, print_the_context already registered for DAG: example_python_operator
[2023-01-01T11:10:15.166+0000] {logging_mixin.py:137} INFO - [2023-01-01T11:10:15.165+0000] {taskmixin.py:205} WARNING - Dependency <Task(_PythonDecoratedOperator): print_the_context>, log_sql_query already registered for DAG: example_python_operator
[2023-01-01T11:10:15.166+0000] {logging_mixin.py:137} INFO - [2023-01-01T11:10:15.166+0000] {taskmixin.py:205} WARNING - Dependency <Task(_PythonDecoratedOperator): log_sql_query>, print_the_context already registered for DAG: example_python_operator
[2023-01-01T11:10:15.168+0000] {logging_mixin.py:137} INFO - [2023-01-01T11:10:15.167+0000] {taskmixin.py:205} WARNING - Dependency <Task(_PythonDecoratedOperator): print_the_context>, log_sql_query already registered for DAG: example_python_operator
[2023-01-01T11:10:15.168+0000] {logging_mixin.py:137} INFO - [2023-01-01T11:10:15.168+0000] {taskmixin.py:205} WARNING - Dependency <Task(_PythonDecoratedOperator): log_sql_query>, print_the_context already registered for DAG: example_python_operator
[2023-01-01T11:10:15.170+0000] {logging_mixin.py:137} INFO - [2023-01-01T11:10:15.170+0000] {taskmixin.py:205} WARNING - Dependency <Task(_PythonDecoratedOperator): print_the_context>, log_sql_query already registered for DAG: example_python_operator
[2023-01-01T11:10:15.170+0000] {logging_mixin.py:137} INFO - [2023-01-01T11:10:15.170+0000] {taskmixin.py:205} WARNING - Dependency <Task(_PythonDecoratedOperator): log_sql_query>, print_the_context already registered for DAG: example_python_operator
[2023-01-01T11:10:15.183+0000] {processor.py:753} INFO - DAG(s) dict_keys(['example_python_operator']) retrieved from /home/airflow/.local/lib/python3.7/site-packages/airflow/example_dags/example_python_operator.py
[2023-01-01T11:10:15.248+0000] {logging_mixin.py:137} INFO - [2023-01-01T11:10:15.248+0000] {dag.py:2676} INFO - Sync 1 DAGs
[2023-01-01T11:10:15.295+0000] {logging_mixin.py:137} INFO - [2023-01-01T11:10:15.295+0000] {dag.py:3427} INFO - Setting next_dagrun for example_python_operator to None, run_after=None
[2023-01-01T11:10:15.329+0000] {processor.py:175} INFO - Processing /home/airflow/.local/lib/python3.7/site-packages/airflow/example_dags/example_python_operator.py took 0.193 seconds
[2023-01-01T11:10:45.719+0000] {processor.py:153} INFO - Started process (PID=135) to work on /home/airflow/.local/lib/python3.7/site-packages/airflow/example_dags/example_python_operator.py
[2023-01-01T11:10:45.721+0000] {processor.py:743} INFO - Processing file /home/airflow/.local/lib/python3.7/site-packages/airflow/example_dags/example_python_operator.py for tasks to queue
[2023-01-01T11:10:45.722+0000] {logging_mixin.py:137} INFO - [2023-01-01T11:10:45.722+0000] {dagbag.py:538} INFO - Filling up the DagBag from /home/airflow/.local/lib/python3.7/site-packages/airflow/example_dags/example_python_operator.py
[2023-01-01T11:10:45.748+0000] {logging_mixin.py:137} INFO - [2023-01-01T11:10:45.748+0000] {taskmixin.py:205} WARNING - Dependency <Task(_PythonDecoratedOperator): print_the_context>, log_sql_query already registered for DAG: example_python_operator
[2023-01-01T11:10:45.749+0000] {logging_mixin.py:137} INFO - [2023-01-01T11:10:45.749+0000] {taskmixin.py:205} WARNING - Dependency <Task(_PythonDecoratedOperator): log_sql_query>, print_the_context already registered for DAG: example_python_operator
[2023-01-01T11:10:45.750+0000] {logging_mixin.py:137} INFO - [2023-01-01T11:10:45.749+0000] {taskmixin.py:205} WARNING - Dependency <Task(_PythonDecoratedOperator): print_the_context>, log_sql_query already registered for DAG: example_python_operator
[2023-01-01T11:10:45.750+0000] {logging_mixin.py:137} INFO - [2023-01-01T11:10:45.750+0000] {taskmixin.py:205} WARNING - Dependency <Task(_PythonDecoratedOperator): log_sql_query>, print_the_context already registered for DAG: example_python_operator
[2023-01-01T11:10:45.751+0000] {logging_mixin.py:137} INFO - [2023-01-01T11:10:45.750+0000] {taskmixin.py:205} WARNING - Dependency <Task(_PythonDecoratedOperator): print_the_context>, log_sql_query already registered for DAG: example_python_operator
[2023-01-01T11:10:45.751+0000] {logging_mixin.py:137} INFO - [2023-01-01T11:10:45.751+0000] {taskmixin.py:205} WARNING - Dependency <Task(_PythonDecoratedOperator): log_sql_query>, print_the_context already registered for DAG: example_python_operator
[2023-01-01T11:10:45.752+0000] {logging_mixin.py:137} INFO - [2023-01-01T11:10:45.751+0000] {taskmixin.py:205} WARNING - Dependency <Task(_PythonDecoratedOperator): print_the_context>, log_sql_query already registered for DAG: example_python_operator
[2023-01-01T11:10:45.752+0000] {logging_mixin.py:137} INFO - [2023-01-01T11:10:45.752+0000] {taskmixin.py:205} WARNING - Dependency <Task(_PythonDecoratedOperator): log_sql_query>, print_the_context already registered for DAG: example_python_operator
[2023-01-01T11:10:45.759+0000] {processor.py:753} INFO - DAG(s) dict_keys(['example_python_operator']) retrieved from /home/airflow/.local/lib/python3.7/site-packages/airflow/example_dags/example_python_operator.py
[2023-01-01T11:10:45.870+0000] {logging_mixin.py:137} INFO - [2023-01-01T11:10:45.870+0000] {dag.py:2676} INFO - Sync 1 DAGs
[2023-01-01T11:10:45.898+0000] {logging_mixin.py:137} INFO - [2023-01-01T11:10:45.898+0000] {dag.py:3427} INFO - Setting next_dagrun for example_python_operator to None, run_after=None
[2023-01-01T11:10:45.925+0000] {processor.py:175} INFO - Processing /home/airflow/.local/lib/python3.7/site-packages/airflow/example_dags/example_python_operator.py took 0.213 seconds
